#! /usr/bin/vvp
:ivl_version "12.0 (stable)";
:ivl_delay_selection "TYPICAL";
:vpi_time_precision - 12;
:vpi_module "/usr/lib64/ivl/system.vpi";
:vpi_module "/usr/lib64/ivl/vhdl_sys.vpi";
:vpi_module "/usr/lib64/ivl/vhdl_textio.vpi";
:vpi_module "/usr/lib64/ivl/v2005_math.vpi";
:vpi_module "/usr/lib64/ivl/va_math.vpi";
S_0x55facd202ed0 .scope module, "tb_riscv" "tb_riscv" 2 3;
 .timescale -9 -12;
P_0x55facd202a90 .param/l "DECODE" 1 2 5, C4<001>;
P_0x55facd202ad0 .param/l "EXECUTE" 1 2 6, C4<010>;
P_0x55facd202b10 .param/l "FETCH" 1 2 4, C4<000>;
P_0x55facd202b50 .param/l "MEM" 1 2 7, C4<011>;
P_0x55facd202b90 .param/l "TRAP" 1 2 9, C4<101>;
P_0x55facd202bd0 .param/l "WB" 1 2 8, C4<100>;
v0x55facd2734f0_0 .var "clk", 0 0;
v0x55facd2735b0_0 .var/i "i", 31 0;
v0x55facd273670_0 .var "inport", 7 0;
v0x55facd273710_0 .net "outport", 7 0, v0x55facd272640_0;  1 drivers
v0x55facd2737b0_0 .net "pc_dbg", 23 0, L_0x55facd276780;  1 drivers
v0x55facd273850_0 .var "reset", 0 0;
S_0x55facd209930 .scope module, "dut" "riscv_simple" 2 18, 3 1 0, S_0x55facd202ed0;
 .timescale 0 0;
    .port_info 0 /INPUT 1 "clk";
    .port_info 1 /INPUT 1 "reset";
    .port_info 2 /INPUT 8 "inport";
    .port_info 3 /OUTPUT 8 "outport";
    .port_info 4 /OUTPUT 24 "pc_dbg";
P_0x55facd202650 .param/l "DECODE" 1 3 13, C4<001>;
P_0x55facd202690 .param/l "EXECUTE" 1 3 14, C4<010>;
P_0x55facd2026d0 .param/l "FETCH" 1 3 12, C4<000>;
P_0x55facd202710 .param/l "MEM" 1 3 15, C4<011>;
P_0x55facd202750 .param/l "TRAP" 1 3 17, C4<101>;
P_0x55facd202790 .param/l "WB" 1 3 16, C4<100>;
L_0x55facd2500a0 .functor OR 1, L_0x55facd2759a0, L_0x55facd275b20, C4<0>, C4<0>;
L_0x55facd275a40 .functor OR 1, L_0x55facd2500a0, L_0x55facd275c60, C4<0>, C4<0>;
L_0x55facd275d50 .functor OR 1, L_0x55facd275e90, L_0x55facd275f80, C4<0>, C4<0>;
L_0x55facd276260 .functor OR 1, L_0x55facd275d50, L_0x55facd2761c0, C4<0>, C4<0>;
v0x55facd2501c0_0 .var "PC", 31 0;
L_0x7f333eb61378 .functor BUFT 1, C4<0000011>, C4<0>, C4<0>, C4<0>;
v0x55facd26f590_0 .net/2u *"_ivl_100", 6 0, L_0x7f333eb61378;  1 drivers
v0x55facd26f670_0 .net *"_ivl_11", 0 0, L_0x55facd273d50;  1 drivers
v0x55facd26f730_0 .net *"_ivl_12", 19 0, L_0x55facd273e60;  1 drivers
v0x55facd26f810_0 .net *"_ivl_15", 11 0, L_0x55facd274040;  1 drivers
v0x55facd26f940_0 .net *"_ivl_19", 0 0, L_0x55facd274250;  1 drivers
v0x55facd26fa20_0 .net *"_ivl_20", 19 0, L_0x55facd274350;  1 drivers
v0x55facd26fb00_0 .net *"_ivl_23", 6 0, L_0x55facd2746b0;  1 drivers
v0x55facd26fbe0_0 .net *"_ivl_25", 4 0, L_0x55facd2747c0;  1 drivers
v0x55facd26fcc0_0 .net *"_ivl_29", 0 0, L_0x55facd274ab0;  1 drivers
v0x55facd26fda0_0 .net *"_ivl_30", 18 0, L_0x55facd274b50;  1 drivers
v0x55facd26fe80_0 .net *"_ivl_33", 0 0, L_0x55facd274f90;  1 drivers
v0x55facd26ff60_0 .net *"_ivl_35", 0 0, L_0x55facd275030;  1 drivers
v0x55facd270040_0 .net *"_ivl_37", 5 0, L_0x55facd275170;  1 drivers
v0x55facd270120_0 .net *"_ivl_39", 3 0, L_0x55facd275210;  1 drivers
L_0x7f333eb61018 .functor BUFT 1, C4<0>, C4<0>, C4<0>, C4<0>;
v0x55facd270200_0 .net/2u *"_ivl_40", 0 0, L_0x7f333eb61018;  1 drivers
L_0x7f333eb61060 .functor BUFT 1, C4<1100011>, C4<0>, C4<0>, C4<0>;
v0x55facd2702e0_0 .net/2u *"_ivl_44", 6 0, L_0x7f333eb61060;  1 drivers
v0x55facd2703c0_0 .net *"_ivl_46", 0 0, L_0x55facd275400;  1 drivers
L_0x7f333eb610a8 .functor BUFT 1, C4<0100011>, C4<0>, C4<0>, C4<0>;
v0x55facd270480_0 .net/2u *"_ivl_48", 6 0, L_0x7f333eb610a8;  1 drivers
v0x55facd270560_0 .net *"_ivl_50", 0 0, L_0x55facd2752b0;  1 drivers
v0x55facd270620_0 .net *"_ivl_52", 31 0, L_0x55facd275650;  1 drivers
L_0x7f333eb610f0 .functor BUFT 1, C4<0110011>, C4<0>, C4<0>, C4<0>;
v0x55facd270700_0 .net/2u *"_ivl_56", 6 0, L_0x7f333eb610f0;  1 drivers
v0x55facd2707e0_0 .net *"_ivl_58", 0 0, L_0x55facd2759a0;  1 drivers
L_0x7f333eb61138 .functor BUFT 1, C4<0010011>, C4<0>, C4<0>, C4<0>;
v0x55facd2708a0_0 .net/2u *"_ivl_60", 6 0, L_0x7f333eb61138;  1 drivers
v0x55facd270980_0 .net *"_ivl_62", 0 0, L_0x55facd275b20;  1 drivers
v0x55facd270a40_0 .net *"_ivl_65", 0 0, L_0x55facd2500a0;  1 drivers
L_0x7f333eb61180 .functor BUFT 1, C4<0000011>, C4<0>, C4<0>, C4<0>;
v0x55facd270b00_0 .net/2u *"_ivl_66", 6 0, L_0x7f333eb61180;  1 drivers
v0x55facd270be0_0 .net *"_ivl_68", 0 0, L_0x55facd275c60;  1 drivers
L_0x7f333eb611c8 .functor BUFT 1, C4<0010011>, C4<0>, C4<0>, C4<0>;
v0x55facd270ca0_0 .net/2u *"_ivl_72", 6 0, L_0x7f333eb611c8;  1 drivers
v0x55facd270d80_0 .net *"_ivl_74", 0 0, L_0x55facd275e90;  1 drivers
L_0x7f333eb61210 .functor BUFT 1, C4<0000011>, C4<0>, C4<0>, C4<0>;
v0x55facd270e40_0 .net/2u *"_ivl_76", 6 0, L_0x7f333eb61210;  1 drivers
v0x55facd270f20_0 .net *"_ivl_78", 0 0, L_0x55facd275f80;  1 drivers
v0x55facd270fe0_0 .net *"_ivl_81", 0 0, L_0x55facd275d50;  1 drivers
L_0x7f333eb61258 .functor BUFT 1, C4<0100011>, C4<0>, C4<0>, C4<0>;
v0x55facd2710a0_0 .net/2u *"_ivl_82", 6 0, L_0x7f333eb61258;  1 drivers
v0x55facd271180_0 .net *"_ivl_84", 0 0, L_0x55facd2761c0;  1 drivers
L_0x7f333eb612a0 .functor BUFT 1, C4<1100011>, C4<0>, C4<0>, C4<0>;
v0x55facd271240_0 .net/2u *"_ivl_88", 6 0, L_0x7f333eb612a0;  1 drivers
L_0x7f333eb612e8 .functor BUFT 1, C4<0000011>, C4<0>, C4<0>, C4<0>;
v0x55facd271320_0 .net/2u *"_ivl_92", 6 0, L_0x7f333eb612e8;  1 drivers
L_0x7f333eb61330 .functor BUFT 1, C4<0100011>, C4<0>, C4<0>, C4<0>;
v0x55facd271400_0 .net/2u *"_ivl_96", 6 0, L_0x7f333eb61330;  1 drivers
v0x55facd2714e0_0 .var "alu_ctrl", 3 0;
v0x55facd2715c0_0 .net "alu_in2", 31 0, L_0x55facd276660;  1 drivers
v0x55facd2716a0_0 .var "alu_result", 31 0;
v0x55facd271780_0 .net "alu_src", 0 0, L_0x55facd276260;  1 drivers
v0x55facd271840_0 .net "branch", 0 0, L_0x55facd276370;  1 drivers
v0x55facd271900_0 .net "clk", 0 0, v0x55facd2734f0_0;  1 drivers
v0x55facd2719c0 .array "dmem", 255 0, 31 0;
v0x55facd271a80_0 .var "dmem_data", 31 0;
v0x55facd271b60_0 .net "funct3", 2 0, L_0x55facd273ae0;  1 drivers
v0x55facd271c40_0 .var/i "i", 31 0;
v0x55facd271d20 .array "imem", 255 0, 31 0;
v0x55facd271de0_0 .net "imm", 31 0, L_0x55facd275810;  1 drivers
v0x55facd271ec0_0 .net "imm_b", 31 0, L_0x55facd2750d0;  1 drivers
v0x55facd271fa0_0 .net "imm_i", 31 0, L_0x55facd274130;  1 drivers
v0x55facd272080_0 .net "imm_s", 31 0, L_0x55facd274890;  1 drivers
v0x55facd272160_0 .net "inport", 7 0, v0x55facd273670_0;  1 drivers
v0x55facd272240_0 .var "instruction", 31 0;
v0x55facd272320_0 .net "mem_read", 0 0, L_0x55facd276070;  1 drivers
v0x55facd2723e0_0 .net "mem_to_reg", 0 0, L_0x55facd276460;  1 drivers
v0x55facd2724a0_0 .net "mem_write", 0 0, L_0x55facd276570;  1 drivers
v0x55facd272560_0 .net "opcode", 6 0, L_0x55facd2738f0;  1 drivers
v0x55facd272640_0 .var "outport", 7 0;
v0x55facd272720_0 .net "pc_dbg", 23 0, L_0x55facd276780;  alias, 1 drivers
v0x55facd272800_0 .net "rd", 4 0, L_0x55facd2739c0;  1 drivers
v0x55facd2728e0_0 .var "read_data1", 31 0;
v0x55facd2729c0_0 .var "read_data2", 31 0;
v0x55facd272aa0_0 .net "reg_write", 0 0, L_0x55facd275a40;  1 drivers
v0x55facd272f70 .array "registers", 31 0, 31 0;
v0x55facd273030_0 .net "reset", 0 0, v0x55facd273850_0;  1 drivers
v0x55facd2730f0_0 .net "rs1", 4 0, L_0x55facd273b80;  1 drivers
v0x55facd2731d0_0 .net "rs2", 4 0, L_0x55facd273c80;  1 drivers
v0x55facd2732b0_0 .var "state", 4 0;
v0x55facd273390_0 .net "zero", 0 0, L_0x55facd2769f0;  1 drivers
E_0x55facd214f50 .event posedge, v0x55facd271900_0;
E_0x55facd211730 .event anyedge, v0x55facd2714e0_0, v0x55facd2728e0_0, v0x55facd2715c0_0;
E_0x55facd21fe70 .event anyedge, v0x55facd272560_0, v0x55facd271b60_0;
L_0x55facd2738f0 .part v0x55facd272240_0, 0, 7;
L_0x55facd2739c0 .part v0x55facd272240_0, 7, 5;
L_0x55facd273ae0 .part v0x55facd272240_0, 12, 3;
L_0x55facd273b80 .part v0x55facd272240_0, 15, 5;
L_0x55facd273c80 .part v0x55facd272240_0, 20, 5;
L_0x55facd273d50 .part v0x55facd272240_0, 31, 1;
LS_0x55facd273e60_0_0 .concat [ 1 1 1 1], L_0x55facd273d50, L_0x55facd273d50, L_0x55facd273d50, L_0x55facd273d50;
LS_0x55facd273e60_0_4 .concat [ 1 1 1 1], L_0x55facd273d50, L_0x55facd273d50, L_0x55facd273d50, L_0x55facd273d50;
LS_0x55facd273e60_0_8 .concat [ 1 1 1 1], L_0x55facd273d50, L_0x55facd273d50, L_0x55facd273d50, L_0x55facd273d50;
LS_0x55facd273e60_0_12 .concat [ 1 1 1 1], L_0x55facd273d50, L_0x55facd273d50, L_0x55facd273d50, L_0x55facd273d50;
LS_0x55facd273e60_0_16 .concat [ 1 1 1 1], L_0x55facd273d50, L_0x55facd273d50, L_0x55facd273d50, L_0x55facd273d50;
LS_0x55facd273e60_1_0 .concat [ 4 4 4 4], LS_0x55facd273e60_0_0, LS_0x55facd273e60_0_4, LS_0x55facd273e60_0_8, LS_0x55facd273e60_0_12;
LS_0x55facd273e60_1_4 .concat [ 4 0 0 0], LS_0x55facd273e60_0_16;
L_0x55facd273e60 .concat [ 16 4 0 0], LS_0x55facd273e60_1_0, LS_0x55facd273e60_1_4;
L_0x55facd274040 .part v0x55facd272240_0, 20, 12;
L_0x55facd274130 .concat [ 12 20 0 0], L_0x55facd274040, L_0x55facd273e60;
L_0x55facd274250 .part v0x55facd272240_0, 31, 1;
LS_0x55facd274350_0_0 .concat [ 1 1 1 1], L_0x55facd274250, L_0x55facd274250, L_0x55facd274250, L_0x55facd274250;
LS_0x55facd274350_0_4 .concat [ 1 1 1 1], L_0x55facd274250, L_0x55facd274250, L_0x55facd274250, L_0x55facd274250;
LS_0x55facd274350_0_8 .concat [ 1 1 1 1], L_0x55facd274250, L_0x55facd274250, L_0x55facd274250, L_0x55facd274250;
LS_0x55facd274350_0_12 .concat [ 1 1 1 1], L_0x55facd274250, L_0x55facd274250, L_0x55facd274250, L_0x55facd274250;
LS_0x55facd274350_0_16 .concat [ 1 1 1 1], L_0x55facd274250, L_0x55facd274250, L_0x55facd274250, L_0x55facd274250;
LS_0x55facd274350_1_0 .concat [ 4 4 4 4], LS_0x55facd274350_0_0, LS_0x55facd274350_0_4, LS_0x55facd274350_0_8, LS_0x55facd274350_0_12;
LS_0x55facd274350_1_4 .concat [ 4 0 0 0], LS_0x55facd274350_0_16;
L_0x55facd274350 .concat [ 16 4 0 0], LS_0x55facd274350_1_0, LS_0x55facd274350_1_4;
L_0x55facd2746b0 .part v0x55facd272240_0, 25, 7;
L_0x55facd2747c0 .part v0x55facd272240_0, 7, 5;
L_0x55facd274890 .concat [ 5 7 20 0], L_0x55facd2747c0, L_0x55facd2746b0, L_0x55facd274350;
L_0x55facd274ab0 .part v0x55facd272240_0, 31, 1;
LS_0x55facd274b50_0_0 .concat [ 1 1 1 1], L_0x55facd274ab0, L_0x55facd274ab0, L_0x55facd274ab0, L_0x55facd274ab0;
LS_0x55facd274b50_0_4 .concat [ 1 1 1 1], L_0x55facd274ab0, L_0x55facd274ab0, L_0x55facd274ab0, L_0x55facd274ab0;
LS_0x55facd274b50_0_8 .concat [ 1 1 1 1], L_0x55facd274ab0, L_0x55facd274ab0, L_0x55facd274ab0, L_0x55facd274ab0;
LS_0x55facd274b50_0_12 .concat [ 1 1 1 1], L_0x55facd274ab0, L_0x55facd274ab0, L_0x55facd274ab0, L_0x55facd274ab0;
LS_0x55facd274b50_0_16 .concat [ 1 1 1 0], L_0x55facd274ab0, L_0x55facd274ab0, L_0x55facd274ab0;
LS_0x55facd274b50_1_0 .concat [ 4 4 4 4], LS_0x55facd274b50_0_0, LS_0x55facd274b50_0_4, LS_0x55facd274b50_0_8, LS_0x55facd274b50_0_12;
LS_0x55facd274b50_1_4 .concat [ 3 0 0 0], LS_0x55facd274b50_0_16;
L_0x55facd274b50 .concat [ 16 3 0 0], LS_0x55facd274b50_1_0, LS_0x55facd274b50_1_4;
L_0x55facd274f90 .part v0x55facd272240_0, 31, 1;
L_0x55facd275030 .part v0x55facd272240_0, 7, 1;
L_0x55facd275170 .part v0x55facd272240_0, 25, 6;
L_0x55facd275210 .part v0x55facd272240_0, 8, 4;
LS_0x55facd2750d0_0_0 .concat [ 1 4 6 1], L_0x7f333eb61018, L_0x55facd275210, L_0x55facd275170, L_0x55facd275030;
LS_0x55facd2750d0_0_4 .concat [ 1 19 0 0], L_0x55facd274f90, L_0x55facd274b50;
L_0x55facd2750d0 .concat [ 12 20 0 0], LS_0x55facd2750d0_0_0, LS_0x55facd2750d0_0_4;
L_0x55facd275400 .cmp/eq 7, L_0x55facd2738f0, L_0x7f333eb61060;
L_0x55facd2752b0 .cmp/eq 7, L_0x55facd2738f0, L_0x7f333eb610a8;
L_0x55facd275650 .functor MUXZ 32, L_0x55facd274130, L_0x55facd274890, L_0x55facd2752b0, C4<>;
L_0x55facd275810 .functor MUXZ 32, L_0x55facd275650, L_0x55facd2750d0, L_0x55facd275400, C4<>;
L_0x55facd2759a0 .cmp/eq 7, L_0x55facd2738f0, L_0x7f333eb610f0;
L_0x55facd275b20 .cmp/eq 7, L_0x55facd2738f0, L_0x7f333eb61138;
L_0x55facd275c60 .cmp/eq 7, L_0x55facd2738f0, L_0x7f333eb61180;
L_0x55facd275e90 .cmp/eq 7, L_0x55facd2738f0, L_0x7f333eb611c8;
L_0x55facd275f80 .cmp/eq 7, L_0x55facd2738f0, L_0x7f333eb61210;
L_0x55facd2761c0 .cmp/eq 7, L_0x55facd2738f0, L_0x7f333eb61258;
L_0x55facd276370 .cmp/eq 7, L_0x55facd2738f0, L_0x7f333eb612a0;
L_0x55facd276070 .cmp/eq 7, L_0x55facd2738f0, L_0x7f333eb612e8;
L_0x55facd276570 .cmp/eq 7, L_0x55facd2738f0, L_0x7f333eb61330;
L_0x55facd276460 .cmp/eq 7, L_0x55facd2738f0, L_0x7f333eb61378;
L_0x55facd276780 .part v0x55facd2501c0_0, 0, 24;
L_0x55facd276660 .functor MUXZ 32, v0x55facd2729c0_0, L_0x55facd275810, L_0x55facd276260, C4<>;
L_0x55facd2769f0 .cmp/eq 32, v0x55facd2728e0_0, v0x55facd2729c0_0;
    .scope S_0x55facd209930;
T_0 ;
    %wait E_0x55facd21fe70;
    %load/vec4 v0x55facd272560_0;
    %dup/vec4;
    %pushi/vec4 51, 0, 7;
    %cmp/u;
    %jmp/1 T_0.0, 6;
    %dup/vec4;
    %pushi/vec4 19, 0, 7;
    %cmp/u;
    %jmp/1 T_0.1, 6;
    %dup/vec4;
    %pushi/vec4 3, 0, 7;
    %cmp/u;
    %jmp/1 T_0.2, 6;
    %dup/vec4;
    %pushi/vec4 35, 0, 7;
    %cmp/u;
    %jmp/1 T_0.3, 6;
    %pushi/vec4 0, 0, 4;
    %store/vec4 v0x55facd2714e0_0, 0, 4;
    %jmp T_0.5;
T_0.0 ;
    %load/vec4 v0x55facd271b60_0;
    %dup/vec4;
    %pushi/vec4 0, 0, 3;
    %cmp/u;
    %jmp/1 T_0.6, 6;
    %dup/vec4;
    %pushi/vec4 7, 0, 3;
    %cmp/u;
    %jmp/1 T_0.7, 6;
    %dup/vec4;
    %pushi/vec4 6, 0, 3;
    %cmp/u;
    %jmp/1 T_0.8, 6;
    %dup/vec4;
    %pushi/vec4 4, 0, 3;
    %cmp/u;
    %jmp/1 T_0.9, 6;
    %pushi/vec4 0, 0, 4;
    %store/vec4 v0x55facd2714e0_0, 0, 4;
    %jmp T_0.11;
T_0.6 ;
    %pushi/vec4 0, 0, 4;
    %store/vec4 v0x55facd2714e0_0, 0, 4;
    %jmp T_0.11;
T_0.7 ;
    %pushi/vec4 1, 0, 4;
    %store/vec4 v0x55facd2714e0_0, 0, 4;
    %jmp T_0.11;
T_0.8 ;
    %pushi/vec4 2, 0, 4;
    %store/vec4 v0x55facd2714e0_0, 0, 4;
    %jmp T_0.11;
T_0.9 ;
    %pushi/vec4 3, 0, 4;
    %store/vec4 v0x55facd2714e0_0, 0, 4;
    %jmp T_0.11;
T_0.11 ;
    %pop/vec4 1;
    %jmp T_0.5;
T_0.1 ;
    %load/vec4 v0x55facd271b60_0;
    %dup/vec4;
    %pushi/vec4 0, 0, 3;
    %cmp/u;
    %jmp/1 T_0.12, 6;
    %dup/vec4;
    %pushi/vec4 4, 0, 3;
    %cmp/u;
    %jmp/1 T_0.13, 6;
    %pushi/vec4 0, 0, 4;
    %store/vec4 v0x55facd2714e0_0, 0, 4;
    %jmp T_0.15;
T_0.12 ;
    %pushi/vec4 0, 0, 4;
    %store/vec4 v0x55facd2714e0_0, 0, 4;
    %jmp T_0.15;
T_0.13 ;
    %pushi/vec4 3, 0, 4;
    %store/vec4 v0x55facd2714e0_0, 0, 4;
    %jmp T_0.15;
T_0.15 ;
    %pop/vec4 1;
    %jmp T_0.5;
T_0.2 ;
    %pushi/vec4 0, 0, 4;
    %store/vec4 v0x55facd2714e0_0, 0, 4;
    %jmp T_0.5;
T_0.3 ;
    %pushi/vec4 0, 0, 4;
    %store/vec4 v0x55facd2714e0_0, 0, 4;
    %jmp T_0.5;
T_0.5 ;
    %pop/vec4 1;
    %jmp T_0;
    .thread T_0, $push;
    .scope S_0x55facd209930;
T_1 ;
    %wait E_0x55facd211730;
    %load/vec4 v0x55facd2714e0_0;
    %dup/vec4;
    %pushi/vec4 0, 0, 4;
    %cmp/u;
    %jmp/1 T_1.0, 6;
    %dup/vec4;
    %pushi/vec4 1, 0, 4;
    %cmp/u;
    %jmp/1 T_1.1, 6;
    %dup/vec4;
    %pushi/vec4 2, 0, 4;
    %cmp/u;
    %jmp/1 T_1.2, 6;
    %dup/vec4;
    %pushi/vec4 3, 0, 4;
    %cmp/u;
    %jmp/1 T_1.3, 6;
    %pushi/vec4 0, 0, 32;
    %store/vec4 v0x55facd2716a0_0, 0, 32;
    %jmp T_1.5;
T_1.0 ;
    %load/vec4 v0x55facd2728e0_0;
    %load/vec4 v0x55facd2715c0_0;
    %add;
    %store/vec4 v0x55facd2716a0_0, 0, 32;
    %jmp T_1.5;
T_1.1 ;
    %load/vec4 v0x55facd2728e0_0;
    %load/vec4 v0x55facd2715c0_0;
    %and;
    %store/vec4 v0x55facd2716a0_0, 0, 32;
    %jmp T_1.5;
T_1.2 ;
    %load/vec4 v0x55facd2728e0_0;
    %load/vec4 v0x55facd2715c0_0;
    %or;
    %store/vec4 v0x55facd2716a0_0, 0, 32;
    %jmp T_1.5;
T_1.3 ;
    %load/vec4 v0x55facd2728e0_0;
    %load/vec4 v0x55facd2715c0_0;
    %xor;
    %store/vec4 v0x55facd2716a0_0, 0, 32;
    %jmp T_1.5;
T_1.5 ;
    %pop/vec4 1;
    %jmp T_1;
    .thread T_1, $push;
    .scope S_0x55facd209930;
T_2 ;
    %wait E_0x55facd214f50;
    %load/vec4 v0x55facd273030_0;
    %nor/r;
    %flag_set/vec4 8;
    %jmp/0xz  T_2.0, 8;
    %pushi/vec4 0, 0, 32;
    %assign/vec4 v0x55facd2501c0_0, 0;
    %pushi/vec4 0, 0, 5;
    %assign/vec4 v0x55facd2732b0_0, 0;
    %jmp T_2.1;
T_2.0 ;
    %load/vec4 v0x55facd2732b0_0;
    %dup/vec4;
    %pushi/vec4 0, 0, 5;
    %cmp/u;
    %jmp/1 T_2.2, 6;
    %dup/vec4;
    %pushi/vec4 1, 0, 5;
    %cmp/u;
    %jmp/1 T_2.3, 6;
    %dup/vec4;
    %pushi/vec4 2, 0, 5;
    %cmp/u;
    %jmp/1 T_2.4, 6;
    %dup/vec4;
    %pushi/vec4 3, 0, 5;
    %cmp/u;
    %jmp/1 T_2.5, 6;
    %dup/vec4;
    %pushi/vec4 4, 0, 5;
    %cmp/u;
    %jmp/1 T_2.6, 6;
    %jmp T_2.7;
T_2.2 ;
    %load/vec4 v0x55facd2501c0_0;
    %parti/s 8, 2, 3;
    %pad/u 10;
    %ix/vec4 4;
    %load/vec4a v0x55facd271d20, 4;
    %assign/vec4 v0x55facd272240_0, 0;
    %pushi/vec4 1, 0, 5;
    %assign/vec4 v0x55facd2732b0_0, 0;
    %jmp T_2.7;
T_2.3 ;
    %load/vec4 v0x55facd2730f0_0;
    %pad/u 7;
    %ix/vec4 4;
    %load/vec4a v0x55facd272f70, 4;
    %assign/vec4 v0x55facd2728e0_0, 0;
    %load/vec4 v0x55facd2731d0_0;
    %pad/u 7;
    %ix/vec4 4;
    %load/vec4a v0x55facd272f70, 4;
    %assign/vec4 v0x55facd2729c0_0, 0;
    %pushi/vec4 2, 0, 5;
    %assign/vec4 v0x55facd2732b0_0, 0;
    %jmp T_2.7;
T_2.4 ;
    %pushi/vec4 3, 0, 5;
    %assign/vec4 v0x55facd2732b0_0, 0;
    %jmp T_2.7;
T_2.5 ;
    %load/vec4 v0x55facd2716a0_0;
    %parti/s 1, 10, 5;
    %pad/u 32;
    %cmpi/e 0, 0, 32;
    %jmp/0xz  T_2.8, 4;
    %load/vec4 v0x55facd272320_0;
    %flag_set/vec4 8;
    %jmp/0xz  T_2.10, 8;
    %load/vec4 v0x55facd2716a0_0;
    %parti/s 8, 2, 3;
    %pad/u 10;
    %ix/vec4 4;
    %load/vec4a v0x55facd2719c0, 4;
    %assign/vec4 v0x55facd271a80_0, 0;
T_2.10 ;
    %load/vec4 v0x55facd2724a0_0;
    %flag_set/vec4 8;
    %jmp/0xz  T_2.12, 8;
    %load/vec4 v0x55facd2729c0_0;
    %load/vec4 v0x55facd2716a0_0;
    %parti/s 8, 2, 3;
    %pad/u 10;
    %ix/vec4 3;
    %ix/load 4, 0, 0; Constant delay
    %assign/vec4/a/d v0x55facd2719c0, 0, 4;
T_2.12 ;
T_2.8 ;
    %load/vec4 v0x55facd2716a0_0;
    %parti/s 1, 10, 5;
    %pad/u 32;
    %cmpi/e 1, 0, 32;
    %jmp/0xz  T_2.14, 4;
    %load/vec4 v0x55facd272320_0;
    %load/vec4 v0x55facd2716a0_0;
    %parti/s 11, 0, 2;
    %pad/u 32;
    %pushi/vec4 1024, 0, 32;
    %cmp/e;
    %flag_get/vec4 4;
    %and;
    %flag_set/vec4 8;
    %jmp/0xz  T_2.16, 8;
    %pushi/vec4 0, 0, 24;
    %load/vec4 v0x55facd272160_0;
    %concat/vec4; draw_concat_vec4
    %assign/vec4 v0x55facd271a80_0, 0;
T_2.16 ;
    %load/vec4 v0x55facd2724a0_0;
    %load/vec4 v0x55facd2716a0_0;
    %parti/s 11, 0, 2;
    %pad/u 32;
    %pushi/vec4 1028, 0, 32;
    %cmp/e;
    %flag_get/vec4 4;
    %and;
    %flag_set/vec4 8;
    %jmp/0xz  T_2.18, 8;
    %load/vec4 v0x55facd2729c0_0;
    %parti/s 8, 0, 2;
    %assign/vec4 v0x55facd272640_0, 0;
T_2.18 ;
T_2.14 ;
    %pushi/vec4 4, 0, 5;
    %assign/vec4 v0x55facd2732b0_0, 0;
    %jmp T_2.7;
T_2.6 ;
    %load/vec4 v0x55facd272aa0_0;
    %flag_set/vec4 9;
    %flag_get/vec4 9;
    %jmp/0 T_2.22, 9;
    %load/vec4 v0x55facd272800_0;
    %pad/u 32;
    %pushi/vec4 0, 0, 32;
    %cmp/ne;
    %flag_get/vec4 4;
    %and;
T_2.22;
    %flag_set/vec4 8;
    %jmp/0xz  T_2.20, 8;
    %load/vec4 v0x55facd2723e0_0;
    %flag_set/vec4 8;
    %jmp/0xz  T_2.23, 8;
    %load/vec4 v0x55facd271a80_0;
    %load/vec4 v0x55facd272800_0;
    %pad/u 7;
    %ix/vec4 3;
    %ix/load 4, 0, 0; Constant delay
    %assign/vec4/a/d v0x55facd272f70, 0, 4;
    %jmp T_2.24;
T_2.23 ;
    %load/vec4 v0x55facd2716a0_0;
    %load/vec4 v0x55facd272800_0;
    %pad/u 7;
    %ix/vec4 3;
    %ix/load 4, 0, 0; Constant delay
    %assign/vec4/a/d v0x55facd272f70, 0, 4;
T_2.24 ;
T_2.20 ;
    %load/vec4 v0x55facd271840_0;
    %flag_set/vec4 9;
    %flag_get/vec4 9;
    %jmp/0 T_2.27, 9;
    %load/vec4 v0x55facd273390_0;
    %and;
T_2.27;
    %flag_set/vec4 8;
    %jmp/0xz  T_2.25, 8;
    %load/vec4 v0x55facd2501c0_0;
    %load/vec4 v0x55facd271de0_0;
    %add;
    %assign/vec4 v0x55facd2501c0_0, 0;
    %jmp T_2.26;
T_2.25 ;
    %load/vec4 v0x55facd2501c0_0;
    %addi 4, 0, 32;
    %assign/vec4 v0x55facd2501c0_0, 0;
T_2.26 ;
    %pushi/vec4 0, 0, 5;
    %assign/vec4 v0x55facd2732b0_0, 0;
    %jmp T_2.7;
T_2.7 ;
    %pop/vec4 1;
T_2.1 ;
    %jmp T_2;
    .thread T_2;
    .scope S_0x55facd209930;
T_3 ;
    %pushi/vec4 0, 0, 32;
    %store/vec4 v0x55facd271c40_0, 0, 32;
T_3.0 ;
    %load/vec4 v0x55facd271c40_0;
    %cmpi/s 32, 0, 32;
    %jmp/0xz T_3.1, 5;
    %pushi/vec4 0, 0, 32;
    %ix/getv/s 4, v0x55facd271c40_0;
    %store/vec4a v0x55facd272f70, 4, 0;
    %load/vec4 v0x55facd271c40_0;
    %addi 1, 0, 32;
    %store/vec4 v0x55facd271c40_0, 0, 32;
    %jmp T_3.0;
T_3.1 ;
    %vpi_call 3 239 "$readmemh", "test.mem", v0x55facd271d20 {0 0 0};
    %end;
    .thread T_3;
    .scope S_0x55facd202ed0;
T_4 ;
    %pushi/vec4 200, 0, 8;
    %store/vec4 v0x55facd273670_0, 0, 8;
    %end;
    .thread T_4;
    .scope S_0x55facd202ed0;
T_5 ;
    %delay 5000, 0;
    %load/vec4 v0x55facd2734f0_0;
    %inv;
    %store/vec4 v0x55facd2734f0_0, 0, 1;
    %jmp T_5;
    .thread T_5;
    .scope S_0x55facd202ed0;
T_6 ;
    %pushi/vec4 0, 0, 1;
    %store/vec4 v0x55facd2734f0_0, 0, 1;
    %pushi/vec4 0, 0, 1;
    %store/vec4 v0x55facd273850_0, 0, 1;
    %vpi_call 2 41 "$dumpfile", "wave.vcd" {0 0 0};
    %vpi_call 2 42 "$dumpvars", 32'sb00000000000000000000000000000000, S_0x55facd202ed0 {0 0 0};
    %pushi/vec4 128, 0, 32;
    %store/vec4 v0x55facd2735b0_0, 0, 32;
T_6.0 ;
    %load/vec4 v0x55facd2735b0_0;
    %cmpi/s 134, 0, 32;
    %jmp/0xz T_6.1, 5;
    %vpi_call 2 45 "$dumpvars", 32'sb00000000000000000000000000000000, &A<v0x55facd2719c0, v0x55facd2735b0_0 > {0 0 0};
    %load/vec4 v0x55facd2735b0_0;
    %addi 1, 0, 32;
    %store/vec4 v0x55facd2735b0_0, 0, 32;
    %jmp T_6.0;
T_6.1 ;
    %pushi/vec4 0, 0, 32;
    %store/vec4 v0x55facd2735b0_0, 0, 32;
T_6.2 ;
    %load/vec4 v0x55facd2735b0_0;
    %cmpi/s 6, 0, 32;
    %jmp/0xz T_6.3, 5;
    %vpi_call 2 48 "$dumpvars", 32'sb00000000000000000000000000000000, &A<v0x55facd272f70, v0x55facd2735b0_0 > {0 0 0};
    %load/vec4 v0x55facd2735b0_0;
    %addi 1, 0, 32;
    %store/vec4 v0x55facd2735b0_0, 0, 32;
    %jmp T_6.2;
T_6.3 ;
    %delay 20000, 0;
    %pushi/vec4 1, 0, 1;
    %assign/vec4 v0x55facd273850_0, 0;
    %delay 2500000, 0;
    %pushi/vec4 163, 0, 8;
    %assign/vec4 v0x55facd273670_0, 0;
    %delay 500000, 0;
    %vpi_call 2 63 "$display", "==== REGISTERS ====" {0 0 0};
    %pushi/vec4 0, 0, 32;
    %store/vec4 v0x55facd2735b0_0, 0, 32;
T_6.4 ;
    %load/vec4 v0x55facd2735b0_0;
    %cmpi/s 8, 0, 32;
    %jmp/0xz T_6.5, 5;
    %vpi_call 2 65 "$display", "r%0d = 0x%08x", v0x55facd2735b0_0, &A<v0x55facd272f70, v0x55facd2735b0_0 > {0 0 0};
    %load/vec4 v0x55facd2735b0_0;
    %addi 1, 0, 32;
    %store/vec4 v0x55facd2735b0_0, 0, 32;
    %jmp T_6.4;
T_6.5 ;
    %vpi_call 2 71 "$display", "==== MEMORY ====" {0 0 0};
    %pushi/vec4 128, 0, 32;
    %store/vec4 v0x55facd2735b0_0, 0, 32;
T_6.6 ;
    %load/vec4 v0x55facd2735b0_0;
    %cmpi/s 136, 0, 32;
    %jmp/0xz T_6.7, 5;
    %vpi_call 2 73 "$display", "MEM[%0d] = 0x%08x", v0x55facd2735b0_0, &A<v0x55facd2719c0, v0x55facd2735b0_0 > {0 0 0};
    %load/vec4 v0x55facd2735b0_0;
    %addi 1, 0, 32;
    %store/vec4 v0x55facd2735b0_0, 0, 32;
    %jmp T_6.6;
T_6.7 ;
    %ix/load 4, 128, 0;
    %flag_set/imm 4, 0;
    %load/vec4a v0x55facd2719c0, 4;
    %cmpi/e 0, 0, 32;
    %flag_get/vec4 4;
    %jmp/0 T_6.13, 4;
    %ix/load 4, 129, 0;
    %flag_set/imm 4, 0;
    %load/vec4a v0x55facd2719c0, 4;
    %pushi/vec4 1, 0, 32;
    %cmp/e;
    %flag_get/vec4 4;
    %and;
T_6.13;
    %flag_set/vec4 11;
    %flag_get/vec4 11;
    %jmp/0 T_6.12, 11;
    %ix/load 4, 130, 0;
    %flag_set/imm 4, 0;
    %load/vec4a v0x55facd2719c0, 4;
    %pushi/vec4 2, 0, 32;
    %cmp/e;
    %flag_get/vec4 4;
    %and;
T_6.12;
    %flag_set/vec4 10;
    %flag_get/vec4 10;
    %jmp/0 T_6.11, 10;
    %ix/load 4, 131, 0;
    %flag_set/imm 4, 0;
    %load/vec4a v0x55facd2719c0, 4;
    %pushi/vec4 3, 0, 32;
    %cmp/e;
    %flag_get/vec4 4;
    %and;
T_6.11;
    %flag_set/vec4 9;
    %flag_get/vec4 9;
    %jmp/0 T_6.10, 9;
    %ix/load 4, 132, 0;
    %flag_set/imm 4, 0;
    %load/vec4a v0x55facd2719c0, 4;
    %pushi/vec4 4, 0, 32;
    %cmp/e;
    %flag_get/vec4 4;
    %and;
T_6.10;
    %flag_set/vec4 8;
    %jmp/0xz  T_6.8, 8;
    %vpi_call 2 85 "$display", "\342\234\205 TEST PASSED" {0 0 0};
    %jmp T_6.9;
T_6.8 ;
    %vpi_call 2 88 "$display", "\342\235\214 TEST FAILED" {0 0 0};
T_6.9 ;
    %vpi_call 2 91 "$finish" {0 0 0};
    %end;
    .thread T_6;
    .scope S_0x55facd202ed0;
T_7 ;
    %wait E_0x55facd214f50;
    %load/vec4 v0x55facd273850_0;
    %nor/r;
    %flag_set/vec4 8;
    %jmp/0xz  T_7.0, 8;
    %vpi_call 2 94 "$display", "RESET" {0 0 0};
    %jmp T_7.1;
T_7.0 ;
    %load/vec4 v0x55facd2732b0_0;
    %cmpi/e 4, 0, 5;
    %jmp/0xz  T_7.2, 4;
    %load/vec4 v0x55facd272560_0;
    %dup/vec4;
    %pushi/vec4 51, 0, 7;
    %cmp/u;
    %jmp/1 T_7.4, 6;
    %dup/vec4;
    %pushi/vec4 19, 0, 7;
    %cmp/u;
    %jmp/1 T_7.5, 6;
    %dup/vec4;
    %pushi/vec4 3, 0, 7;
    %cmp/u;
    %jmp/1 T_7.6, 6;
    %dup/vec4;
    %pushi/vec4 35, 0, 7;
    %cmp/u;
    %jmp/1 T_7.7, 6;
    %dup/vec4;
    %pushi/vec4 99, 0, 7;
    %cmp/u;
    %jmp/1 T_7.8, 6;
    %vpi_call 2 141 "$display", "\011UNKNOW !" {0 0 0};
    %jmp T_7.10;
T_7.4 ;
    %load/vec4 v0x55facd2714e0_0;
    %dup/vec4;
    %pushi/vec4 0, 0, 4;
    %cmp/u;
    %jmp/1 T_7.11, 6;
    %dup/vec4;
    %pushi/vec4 1, 0, 4;
    %cmp/u;
    %jmp/1 T_7.12, 6;
    %dup/vec4;
    %pushi/vec4 2, 0, 4;
    %cmp/u;
    %jmp/1 T_7.13, 6;
    %dup/vec4;
    %pushi/vec4 3, 0, 4;
    %cmp/u;
    %jmp/1 T_7.14, 6;
    %load/vec4 v0x55facd2730f0_0;
    %pad/u 7;
    %ix/vec4 4;
    %load/vec4a v0x55facd272f70, 4;
    %load/vec4 v0x55facd2731d0_0;
    %pad/u 7;
    %ix/vec4 4;
    %load/vec4a v0x55facd272f70, 4;
    %vpi_call 2 111 "$display", "0x%08x:0x%08x (R) r%0d = r%0d(0x%08x) ?? r%0d(0x%08x) = 0x%08x", v0x55facd2501c0_0, v0x55facd272240_0, v0x55facd272800_0, v0x55facd2730f0_0, S<1,vec4,u32>, v0x55facd2731d0_0, S<0,vec4,u32>, v0x55facd2716a0_0 {2 0 0};
    %jmp T_7.16;
T_7.11 ;
    %load/vec4 v0x55facd2730f0_0;
    %pad/u 7;
    %ix/vec4 4;
    %load/vec4a v0x55facd272f70, 4;
    %load/vec4 v0x55facd2731d0_0;
    %pad/u 7;
    %ix/vec4 4;
    %load/vec4a v0x55facd272f70, 4;
    %vpi_call 2 99 "$display", "0x%08x:0x%08x (R) r%0d = r%0d(0x%08x) + r%0d(0x%08x) = 0x%08x", v0x55facd2501c0_0, v0x55facd272240_0, v0x55facd272800_0, v0x55facd2730f0_0, S<1,vec4,u32>, v0x55facd2731d0_0, S<0,vec4,u32>, v0x55facd2716a0_0 {2 0 0};
    %jmp T_7.16;
T_7.12 ;
    %load/vec4 v0x55facd2730f0_0;
    %pad/u 7;
    %ix/vec4 4;
    %load/vec4a v0x55facd272f70, 4;
    %load/vec4 v0x55facd2731d0_0;
    %pad/u 7;
    %ix/vec4 4;
    %load/vec4a v0x55facd272f70, 4;
    %vpi_call 2 102 "$display", "0x%08x:0x%08x (R) r%0d = r%0d(0x%08x) & r%0d(0x%08x) = 0x%08x", v0x55facd2501c0_0, v0x55facd272240_0, v0x55facd272800_0, v0x55facd2730f0_0, S<1,vec4,u32>, v0x55facd2731d0_0, S<0,vec4,u32>, v0x55facd2716a0_0 {2 0 0};
    %jmp T_7.16;
T_7.13 ;
    %load/vec4 v0x55facd2730f0_0;
    %pad/u 7;
    %ix/vec4 4;
    %load/vec4a v0x55facd272f70, 4;
    %load/vec4 v0x55facd2731d0_0;
    %pad/u 7;
    %ix/vec4 4;
    %load/vec4a v0x55facd272f70, 4;
    %vpi_call 2 105 "$display", "0x%08x:0x%08x (R) r%0d = r%0d(0x%08x) | r%0d(0x%08x) = 0x%08x", v0x55facd2501c0_0, v0x55facd272240_0, v0x55facd272800_0, v0x55facd2730f0_0, S<1,vec4,u32>, v0x55facd2731d0_0, S<0,vec4,u32>, v0x55facd2716a0_0 {2 0 0};
    %jmp T_7.16;
T_7.14 ;
    %load/vec4 v0x55facd2730f0_0;
    %pad/u 7;
    %ix/vec4 4;
    %load/vec4a v0x55facd272f70, 4;
    %load/vec4 v0x55facd2731d0_0;
    %pad/u 7;
    %ix/vec4 4;
    %load/vec4a v0x55facd272f70, 4;
    %vpi_call 2 108 "$display", "0x%08x:0x%08x (R) r%0d = r%0d(0x%08x) ^ r%0d(0x%08x) = 0x%08x", v0x55facd2501c0_0, v0x55facd272240_0, v0x55facd272800_0, v0x55facd2730f0_0, S<1,vec4,u32>, v0x55facd2731d0_0, S<0,vec4,u32>, v0x55facd2716a0_0 {2 0 0};
    %jmp T_7.16;
T_7.16 ;
    %pop/vec4 1;
    %jmp T_7.10;
T_7.5 ;
    %load/vec4 v0x55facd2714e0_0;
    %dup/vec4;
    %pushi/vec4 0, 0, 4;
    %cmp/u;
    %jmp/1 T_7.17, 6;
    %dup/vec4;
    %pushi/vec4 1, 0, 4;
    %cmp/u;
    %jmp/1 T_7.18, 6;
    %dup/vec4;
    %pushi/vec4 2, 0, 4;
    %cmp/u;
    %jmp/1 T_7.19, 6;
    %dup/vec4;
    %pushi/vec4 3, 0, 4;
    %cmp/u;
    %jmp/1 T_7.20, 6;
    %load/vec4 v0x55facd2730f0_0;
    %pad/u 7;
    %ix/vec4 4;
    %load/vec4a v0x55facd272f70, 4;
    %vpi_call 2 129 "$display", "0x%08x:0x%08x (I) r%0d = r%0d(0x%08x) ?? 0x%08x = 0x%08x", v0x55facd2501c0_0, v0x55facd272240_0, v0x55facd272800_0, v0x55facd2730f0_0, S<0,vec4,u32>, v0x55facd271de0_0, v0x55facd2716a0_0 {1 0 0};
    %jmp T_7.22;
T_7.17 ;
    %load/vec4 v0x55facd2730f0_0;
    %pad/u 7;
    %ix/vec4 4;
    %load/vec4a v0x55facd272f70, 4;
    %vpi_call 2 117 "$display", "0x%08x:0x%08x (I) r%0d = r%0d(0x%08x) + 0x%08x = 0x%08x", v0x55facd2501c0_0, v0x55facd272240_0, v0x55facd272800_0, v0x55facd2730f0_0, S<0,vec4,u32>, v0x55facd271de0_0, v0x55facd2716a0_0 {1 0 0};
    %jmp T_7.22;
T_7.18 ;
    %load/vec4 v0x55facd2730f0_0;
    %pad/u 7;
    %ix/vec4 4;
    %load/vec4a v0x55facd272f70, 4;
    %vpi_call 2 120 "$display", "0x%08x:0x%08x (I) r%0d = r%0d(0x%08x) & 0x%08x = 0x%08x", v0x55facd2501c0_0, v0x55facd272240_0, v0x55facd272800_0, v0x55facd2730f0_0, S<0,vec4,u32>, v0x55facd271de0_0, v0x55facd2716a0_0 {1 0 0};
    %jmp T_7.22;
T_7.19 ;
    %load/vec4 v0x55facd2730f0_0;
    %pad/u 7;
    %ix/vec4 4;
    %load/vec4a v0x55facd272f70, 4;
    %vpi_call 2 123 "$display", "0x%08x:0x%08x (I) r%0d = r%0d(0x%08x) | 0x%08x = 0x%08x", v0x55facd2501c0_0, v0x55facd272240_0, v0x55facd272800_0, v0x55facd2730f0_0, S<0,vec4,u32>, v0x55facd271de0_0, v0x55facd2716a0_0 {1 0 0};
    %jmp T_7.22;
T_7.20 ;
    %load/vec4 v0x55facd2730f0_0;
    %pad/u 7;
    %ix/vec4 4;
    %load/vec4a v0x55facd272f70, 4;
    %vpi_call 2 126 "$display", "0x%08x:0x%08x (I) r%0d = r%0d(0x%08x) ^ 0x%08x = 0x%08x", v0x55facd2501c0_0, v0x55facd272240_0, v0x55facd272800_0, v0x55facd2730f0_0, S<0,vec4,u32>, v0x55facd271de0_0, v0x55facd2716a0_0 {1 0 0};
    %jmp T_7.22;
T_7.22 ;
    %pop/vec4 1;
    %jmp T_7.10;
T_7.6 ;
    %load/vec4 v0x55facd2730f0_0;
    %pad/u 7;
    %ix/vec4 4;
    %load/vec4a v0x55facd272f70, 4;
    %vpi_call 2 133 "$display", "0x%08x:0x%08x (L) r%0d = mem[r%0d(0x%08x)+0x%08x] = 0x%08x ", v0x55facd2501c0_0, v0x55facd272240_0, v0x55facd272800_0, v0x55facd2730f0_0, S<0,vec4,u32>, v0x55facd271de0_0, v0x55facd271a80_0 {1 0 0};
    %jmp T_7.10;
T_7.7 ;
    %load/vec4 v0x55facd2730f0_0;
    %pad/u 7;
    %ix/vec4 4;
    %load/vec4a v0x55facd272f70, 4;
    %vpi_call 2 137 "$display", "0x%08x:0x%08x (S) mem[r%0d(0x%08x)+0x%08x] = r%0d(0x%08x)", v0x55facd2501c0_0, v0x55facd272240_0, v0x55facd2730f0_0, S<0,vec4,u32>, v0x55facd271de0_0, v0x55facd2731d0_0, v0x55facd2729c0_0 {1 0 0};
    %jmp T_7.10;
T_7.8 ;
    %load/vec4 v0x55facd271de0_0;
    %load/vec4 v0x55facd2501c0_0;
    %add;
    %vpi_call 2 139 "$display", "0x%08x:0x%08x (B) PC = PC + (0x%08x) = 0x%08x ", v0x55facd2501c0_0, v0x55facd272240_0, v0x55facd271de0_0, S<0,vec4,u32> {1 0 0};
    %jmp T_7.10;
T_7.10 ;
    %pop/vec4 1;
T_7.2 ;
T_7.1 ;
    %jmp T_7;
    .thread T_7;
# The file index is used to find the file name in the following table.
:file_names 4;
    "N/A";
    "<interactive>";
    "tb_riscv.v";
    "riscv_simple.v";
